2026-03-14 23:38:16 | INFO     | Logging to C:\Projects\Interviews\jobs\Sanofi-AI-ML-Lead\pharma-agents\experiments\clintox\research\run_20260314_233816.log
2026-03-14 23:38:16 | INFO     | Starting literature research for clintox
2026-03-14 23:38:16 | INFO     | Property: clinical trial toxicity
2026-03-14 23:38:16 | INFO     | Existing papers in database: 0
╭────────────────────────────────────────────────────────────── 🚀 Crew Execution Started ──────────────────────────────────────────────────────────────╮
│                                                                                                                                                       │
│  Crew Execution Started                                                                                                                               │
│  Name: crew                                                                                                                                           │
│  ID: 301d3dae-2fc7-4b0e-883c-33506a49ac9f                                                                                                             │
│                                                                                                                                                       │
│                                                                                                                                                       │
╰───────────────────────────────────────────────────────────────────────────────────────────────────────────────────────────────────────────────────────╯

╭─────────────────────────────────────────────────────────────────── 📋 Task Started ───────────────────────────────────────────────────────────────────╮
│                                                                                                                                                       │
│  Task Started                                                                                                                                         │
│  Name: You are a Literature Archivist gathering recent research on clinical trial toxicity prediction.                                                │
│  Your goal: Build a searchable knowledge base of techniques from recent papers.                                                                       │
│  You have ONE tool: search_and_store. It searches arxiv AND automatically stores all results with embeddings. One call = search + store all papers    │
│  found.                                                                                                                                               │
│  IMPORTANT: Execute searches ONE AT A TIME, not in parallel. After each search, review and filter before starting the next search.                    │
│  WORKFLOW: 1. SEARCH PHASE — Call search_and_store with SPECIFIC queries.                                                                             │
│     Focus on MOLECULAR PROPERTY PREDICTION with ML.                                                                                                   │
│     The search engine matches each word in your query against paper abstracts.                                                                        │
│     Use 3-4 specific terms per query — every word must appear in the abstract.                                                                        │
│     Good queries:                                                                                                                                     │
│     - "toxicity prediction molecular"                                                                                                                 │
│     - "QSAR toxicity deep learning"                                                                                                                   │
│     - "molecular fingerprint toxicity"                                                                                                                │
│     - "graph neural network molecular property"                                                                                                       │
│     - "ADMET prediction machine learning"                                                                                                             │
│     Do 3-5 searches. Each returns ~3 relevant papers.                                                                                                 │
│     IMPORTANT: Do ONE search at a time, then filter, then next search.                                                                                │
│                                                                                                                                                       │
│  2. FILTER PHASE — After EACH search_and_store, review the stored papers.                                                                             │
│     Use remove_paper to DELETE papers that are NOT relevant to clinical trial toxicity                                                                │
│     prediction on MOLECULES. Remove papers about:                                                                                                     │
│     - Clinical trial design/logistics (NOT molecular prediction)                                                                                      │
│     - General ML theory (not applied to molecules)                                                                                                    │
│     - Unrelated topics (NLP, computer vision, air pollution, etc.)                                                                                    │
│     - Pure biology/chemistry with no ML component                                                                                                     │
│                                                                                                                                                       │
│  Papers already in the database are skipped automatically.                                                                                            │
│  Papers already in database: None                                                                                                                     │
│  Output format: SEARCHES DONE: [count] PAPERS STORED: [count kept after filtering] PAPERS REMOVED: [count removed as irrelevant] KEY TOPICS COVERED:  │
│  - [topic 1] - [topic 2]                                                                                                                              │
│                                                                                                                                                       │
│  ID: 5af11ded-30ae-4912-915a-b6a386a29fff                                                                                                             │
│                                                                                                                                                       │
│                                                                                                                                                       │
╰───────────────────────────────────────────────────────────────────────────────────────────────────────────────────────────────────────────────────────╯

╭────────────────────────────────────────────────────────────────── 🤖 Agent Started ───────────────────────────────────────────────────────────────────╮
│                                                                                                                                                       │
│  Agent: Literature Research Archivist                                                                                                                 │
│                                                                                                                                                       │
│  Task: You are a Literature Archivist gathering recent research on clinical trial toxicity prediction.                                                │
│  Your goal: Build a searchable knowledge base of techniques from recent papers.                                                                       │
│  You have ONE tool: search_and_store. It searches arxiv AND automatically stores all results with embeddings. One call = search + store all papers    │
│  found.                                                                                                                                               │
│  IMPORTANT: Execute searches ONE AT A TIME, not in parallel. After each search, review and filter before starting the next search.                    │
│  WORKFLOW: 1. SEARCH PHASE — Call search_and_store with SPECIFIC queries.                                                                             │
│     Focus on MOLECULAR PROPERTY PREDICTION with ML.                                                                                                   │
│     The search engine matches each word in your query against paper abstracts.                                                                        │
│     Use 3-4 specific terms per query — every word must appear in the abstract.                                                                        │
│     Good queries:                                                                                                                                     │
│     - "toxicity prediction molecular"                                                                                                                 │
│     - "QSAR toxicity deep learning"                                                                                                                   │
│     - "molecular fingerprint toxicity"                                                                                                                │
│     - "graph neural network molecular property"                                                                                                       │
│     - "ADMET prediction machine learning"                                                                                                             │
│     Do 3-5 searches. Each returns ~3 relevant papers.                                                                                                 │
│     IMPORTANT: Do ONE search at a time, then filter, then next search.                                                                                │
│                                                                                                                                                       │
│  2. FILTER PHASE — After EACH search_and_store, review the stored papers.                                                                             │
│     Use remove_paper to DELETE papers that are NOT relevant to clinical trial toxicity                                                                │
│     prediction on MOLECULES. Remove papers about:                                                                                                     │
│     - Clinical trial design/logistics (NOT molecular prediction)                                                                                      │
│     - General ML theory (not applied to molecules)                                                                                                    │
│     - Unrelated topics (NLP, computer vision, air pollution, etc.)                                                                                    │
│     - Pure biology/chemistry with no ML component                                                                                                     │
│                                                                                                                                                       │
│  Papers already in the database are skipped automatically.                                                                                            │
│  Papers already in database: None                                                                                                                     │
│  Output format: SEARCHES DONE: [count] PAPERS STORED: [count kept after filtering] PAPERS REMOVED: [count removed as irrelevant] KEY TOPICS COVERED:  │
│  - [topic 1] - [topic 2]                                                                                                                              │
│                                                                                                                                                       │
│                                                                                                                                                       │
╰───────────────────────────────────────────────────────────────────────────────────────────────────────────────────────────────────────────────────────╯

╭─────────────────────────────────────────────────────────── 🔧 Tool Execution Started (#1) ────────────────────────────────────────────────────────────╮
│                                                                                                                                                       │
│  Tool: search_and_store                                                                                                                               │
│  Args: {'query': 'toxicity prediction molecular'}                                                                                                     │
│                                                                                                                                                       │
│                                                                                                                                                       │
╰───────────────────────────────────────────────────────────────────────────────────────────────────────────────────────────────────────────────────────╯

Tool search_and_store executed with result: Search 'toxicity prediction molecular': 3 stored, 0 already in DB.
  + **1806.04449v1**: ToxicBlend: Virtual Screening of Toxic Compounds with Ensemble Predictors
    Summary: Timely assessment of com...╭────────────────────────────────────────────────────────── ✅ Tool Execution Completed (#1) ───────────────────────────────────────────────────────────╮
│                                                                                                                                                       │
│  Tool Completed                                                                                                                                       │
│  Tool: search_and_store                                                                                                                               │
│  Output: Search 'toxicity prediction molecular': 3 stored, 0 already in DB.                                                                           │
│    + **1806.04449v1**: ToxicBlend: Virtual Screening of Toxic Compounds with Ensemble Predictors                                                      │
│      Summary: Timely assessment of compound toxicity is one of the biggest challenges facing the pharmaceutical industry today. A significant         │
│  proportion of compound...                                                                                                                            │
│      Methods: gradient boosting, convolutional neural network, neural network, molecular fingerprint, SMILES                                          │
│    + **2506.10912v3**: Breaking Bad Molecules: Are MLLMs Ready for Structure-Level Molecular Detoxifica                                               │
│      Summary: Toxicity remains a leading cause of early-stage drug development failure. Despite advances in molecular design and property             │
│  prediction, the task of mo...                                                                                                                        │
│      Methods: none detected                                                                                                                           │
│    + **2204.06614v1**: Accurate Clinical Toxicity Prediction using Multi-task Deep Neural Nets and Cont                                               │
│      Summary: Explainable ML for molecular toxicity prediction is a promising approach for efficient drug development and chemical safety. A          │
│  predictive ML model of ...                                                                                                                           │
│      Methods: gat, deep learning, Morgan fingerprint, SMILES, pre-training                                                                            │
│                                                                                                                                                       │
│  Review the papers above. Use remove_paper to delete any that are NOT relevant to the target property prediction task.                                │
│                                                                                                                                                       │
│                                                                                                                                                       │
╰───────────────────────────────────────────────────────────────────────────────────────────────────────────────────────────────────────────────────────╯


╭─────────────────────────────────────────────────────────── 🔧 Tool Execution Started (#2) ────────────────────────────────────────────────────────────╮
│                                                                                                                                                       │
│  Tool: search_and_store                                                                                                                               │
│  Args: {'query': 'QSAR toxicity deep learning'}                                                                                                       │
│                                                                                                                                                       │
│                                                                                                                                                       │
╰───────────────────────────────────────────────────────────────────────────────────────────────────────────────────────────────────────────────────────╯

Tool search_and_store executed with result: Search 'QSAR toxicity deep learning': 3 stored, 0 already in DB.
  + **1907.08333v1**: Toxicity Prediction by Multimodal Deep Learning
    Summary: Prediction of toxicity levels of chemical compounds ...╭────────────────────────────────────────────────────────── ✅ Tool Execution Completed (#2) ───────────────────────────────────────────────────────────╮
│                                                                                                                                                       │
│  Tool Completed                                                                                                                                       │
│  Tool: search_and_store                                                                                                                               │
│  Output: Search 'QSAR toxicity deep learning': 3 stored, 0 already in DB.                                                                             │
│    + **1907.08333v1**: Toxicity Prediction by Multimodal Deep Learning                                                                                │
│      Summary: Prediction of toxicity levels of chemical compounds is an important issue in Quantitative Structure-Activity Relationship (QSAR)        │
│  modeling. Although to...                                                                                                                             │
│      Methods: recurrent neural network, Deep Learning, ensemble                                                                                       │
│    + **2304.00970v1**: Development and Evaluation of Conformal Prediction Methods for QSAR                                                            │
│      Summary: The quantitative structure-activity relationship (QSAR) regression model is a commonly used technique for predicting biological         │
│  activities of compound...                                                                                                                            │
│      Methods: Random Forest, Gradient Boosting, Neural Network, molecular descriptor, Boosting                                                        │
│    + **1706.06689v1**: Chemception: A Deep Neural Network with Minimal Chemistry Knowledge Matches the                                                │
│      Summary: In the last few years, we have seen the transformative impact of deep learning in many applications, particularly in speech             │
│  recognition and computer v...                                                                                                                        │
│      Methods: convolutional neural network, Neural Network, ECFP, molecular descriptor, feature engineering                                           │
│                                                                                                                                                       │
│  Review the papers above. Use remove_paper to delete any that are NOT relevant to the target property prediction task.                                │
│                                                                                                                                                       │
│                                                                                                                                                       │
╰───────────────────────────────────────────────────────────────────────────────────────────────────────────────────────────────────────────────────────╯


╭─────────────────────────────────────────────────────────── 🔧 Tool Execution Started (#3) ────────────────────────────────────────────────────────────╮
│                                                                                                                                                       │
│  Tool: search_and_store                                                                                                                               │
│  Args: {'query': 'molecular fingerprint toxicity'}                                                                                                    │
│                                                                                                                                                       │
│                                                                                                                                                       │
╰───────────────────────────────────────────────────────────────────────────────────────────────────────────────────────────────────────────────────────╯

Tool search_and_store executed with result: Search 'molecular fingerprint toxicity': 2 stored, 1 already in DB.
  + **2409.10370v1**: Uncovering the Mechanism of Hepatotoxiciy of PFAS Targeting L-FABP Using GCN and
    Summary: Per- and polyflu...╭────────────────────────────────────────────────────────── ✅ Tool Execution Completed (#3) ───────────────────────────────────────────────────────────╮
│                                                                                                                                                       │
│  Tool Completed                                                                                                                                       │
│  Tool: search_and_store                                                                                                                               │
│  Output: Search 'molecular fingerprint toxicity': 2 stored, 1 already in DB.                                                                          │
│    + **2409.10370v1**: Uncovering the Mechanism of Hepatotoxiciy of PFAS Targeting L-FABP Using GCN and                                               │
│      Summary: Per- and polyfluoroalkyl substances (PFAS) are persistent environmental pollutants with known toxicity and bioaccumulation issues.      │
│  Their widespread in...                                                                                                                               │
│      Methods: GCN, deep learning, molecular fingerprint, molecular descriptor                                                                         │
│    + **2205.03834v1**: FP-GNN: a versatile deep learning architecture for enhanced molecular property p                                               │
│      Summary: Deep learning is an important method for molecular design and exhibits considerable ability to predict molecular properties, including  │
│  physicochemical...                                                                                                                                   │
│      Methods: GNN, deep learning, molecular fingerprint, physicochemical                                                                              │
│    (skipped: 1806.04449v1)                                                                                                                            │
│                                                                                                                                                       │
│  Review the papers above. Use remove_paper to delete any that are NOT relevant to the target property prediction task.                                │
│                                                                                                                                                       │
│                                                                                                                                                       │
╰───────────────────────────────────────────────────────────────────────────────────────────────────────────────────────────────────────────────────────╯


╭─────────────────────────────────────────────────────────── 🔧 Tool Execution Started (#4) ────────────────────────────────────────────────────────────╮
│                                                                                                                                                       │
│  Tool: search_and_store                                                                                                                               │
│  Args: {'query': 'ADMET prediction machine learning'}                                                                                                 │
│                                                                                                                                                       │
│                                                                                                                                                       │
╰───────────────────────────────────────────────────────────────────────────────────────────────────────────────────────────────────────────────────────╯

Tool search_and_store executed with result: Search 'ADMET prediction machine learning': 3 stored, 0 already in DB.
  + **2205.08055v1**: HelixADMET: a robust and endpoint extensible ADMET system incorporating self-sup
    Summary: Accurate ADME...╭────────────────────────────────────────────────────────── ✅ Tool Execution Completed (#4) ───────────────────────────────────────────────────────────╮
│                                                                                                                                                       │
│  Tool Completed                                                                                                                                       │
│  Tool: search_and_store                                                                                                                               │
│  Output: Search 'ADMET prediction machine learning': 3 stored, 0 already in DB.                                                                       │
│    + **2205.08055v1**: HelixADMET: a robust and endpoint extensible ADMET system incorporating self-sup                                               │
│      Summary: Accurate ADMET (an abbreviation for "absorption, distribution, metabolism, excretion, and toxicity") predictions can efficiently        │
│  screen out undesirabl...                                                                                                                             │
│      Methods: pre-trained, self-supervised                                                                                                            │
│    + **2204.07532v3**: Accurate ADMET Prediction with XGBoost                                                                                         │
│      Summary: The absorption, distribution, metabolism, excretion, and toxicity (ADMET) properties are important in drug discovery as they define     │
│  efficacy and safet...                                                                                                                                │
│      Methods: random forest, gradient boosting, XGBoost, support vector machine, MACCS                                                                │
│    + **2502.16378v1**: Auto-ADMET: An Effective and Interpretable AutoML Method for Chemical ADMET Prop                                               │
│      Summary: Machine learning (ML) has been playing important roles in drug discovery in the past years by providing (pre-)screening tools for       │
│  prioritising chemica...                                                                                                                              │
│      Methods: XGBOOST                                                                                                                                 │
│                                                                                                                                                       │
│  Review the papers above. Use remove_paper to delete any that are NOT relevant to the target property prediction task.                                │
│                                                                                                                                                       │
│                                                                                                                                                       │
╰───────────────────────────────────────────────────────────────────────────────────────────────────────────────────────────────────────────────────────╯


╭─────────────────────────────────────────────────────────── 🔧 Tool Execution Started (#5) ────────────────────────────────────────────────────────────╮
│                                                                                                                                                       │
│  Tool: search_and_store                                                                                                                               │
│  Args: {'query': 'clinical toxicity prediction machine learning'}                                                                                     │
│                                                                                                                                                       │
│                                                                                                                                                       │
╰───────────────────────────────────────────────────────────────────────────────────────────────────────────────────────────────────────────────────────╯

Consider using the pymupdf_layout package for a greatly improved page layout analysis.
Tool search_and_store executed with result: Search 'clinical toxicity prediction machine learning': 3 stored, 0 already in DB.
  + **2410.08770v1**: Causal machine learning for predicting treatment outcomes
    Summary: Causal machine learning ...╭────────────────────────────────────────────────────────── ✅ Tool Execution Completed (#5) ───────────────────────────────────────────────────────────╮
│                                                                                                                                                       │
│  Tool Completed                                                                                                                                       │
│  Tool: search_and_store                                                                                                                               │
│  Output: Search 'clinical toxicity prediction machine learning': 3 stored, 0 already in DB.                                                           │
│    + **2410.08770v1**: Causal machine learning for predicting treatment outcomes                                                                      │
│      Summary: Causal machine learning (ML) offers flexible, data-driven methods for predicting treatment outcomes including efficacy and toxicity,    │
│  thereby supportin...                                                                                                                                 │
│      Methods: none detected                                                                                                                           │
│    + **2304.04870v1**: DASS Good: Explainable Data Mining of Spatial Cohort Data                                                                      │
│      Summary: Developing applicable clinical machine learning models is a difficult task when the data includes spatial information, for example,     │
│  radiation dose dis...                                                                                                                                │
│      Methods: none detected                                                                                                                           │
│    + **2602.06212v2**: Causal machine learning reveals age-dependent radiation dose effects on mandibul                                               │
│      Summary: Distinguishing causal relationships from statistical correlations remains a fundamental challenge in clinical research, limiting the    │
│  translation of ob...                                                                                                                                 │
│      Methods: random forest                                                                                                                           │
│                                                                                                                                                       │
│  Review the papers above. Use remove_paper to delete any that are NOT relevant to the target property prediction task.                                │
│                                                                                                                                                       │
│                                                                                                                                                       │
╰───────────────────────────────────────────────────────────────────────────────────────────────────────────────────────────────────────────────────────╯


╭─────────────────────────────────────────────────────────── 🔧 Tool Execution Started (#1) ────────────────────────────────────────────────────────────╮
│                                                                                                                                                       │
│  Tool: remove_paper                                                                                                                                   │
│  Args: {'paper_id': '2304.04870v1'}                                                                                                                   │
│                                                                                                                                                       │
│                                                                                                                                                       │
╰───────────────────────────────────────────────────────────────────────────────────────────────────────────────────────────────────────────────────────╯

╭─────────────────────────────────────────────────────────── 🔧 Tool Execution Started (#2) ────────────────────────────────────────────────────────────╮
│                                                                                                                                                       │
│  Tool: remove_paper                                                                                                                                   │
│  Args: {'paper_id': '2602.06212v2'}                                                                                                                   │
│                                                                                                                                                       │
│                                                                                                                                                       │
╰───────────────────────────────────────────────────────────────────────────────────────────────────────────────────────────────────────────────────────╯

╭─────────────────────────────────────────────────────────── 🔧 Tool Execution Started (#3) ────────────────────────────────────────────────────────────╮
│                                                                                                                                                       │
│  Tool: remove_paper                                                                                                                                   │
│  Args: {'paper_id': '2410.08770v1'}                                                                                                                   │
│                                                                                                                                                       │
│                                                                                                                                                       │
╰───────────────────────────────────────────────────────────────────────────────────────────────────────────────────────────────────────────────────────╯

╭────────────────────────────────────────────────────────── ✅ Tool Execution Completed (#3) ───────────────────────────────────────────────────────────╮
│                                                                                                                                                       │
│  Tool Completed                                                                                                                                       │
│  Tool: remove_paper                                                                                                                                   │
│  Output: Removed 'Causal machine learning reveals age-dependent radiation dose effects on mandibular osteoradionecrosis' (2602.06212v2) from          │
│  literature database.                                                                                                                                 │
│                                                                                                                                                       │
│                                                                                                                                                       │
╰───────────────────────────────────────────────────────────────────────────────────────────────────────────────────────────────────────────────────────╯
Tool remove_paper executed with result: Removed 'DASS Good: Explainable Data Mining of Spatial Cohort Data' (2304.04870v1) from literature database....

Tool remove_paper executed with result: Removed 'Causal machine learning reveals age-dependent radiation dose effects on mandibular osteoradionecrosis' (2602.06212v2) from literature database....
╭────────────────────────────────────────────────────────── ✅ Tool Execution Completed (#3) ───────────────────────────────────────────────────────────╮
│                                                                                                                                                       │
│  Tool Completed                                                                                                                                       │
│  Tool: remove_paper                                                                                                                                   │
│  Output: Removed 'Causal machine learning for predicting treatment outcomes' (2410.08770v1) from literature database.                                 │
│                                                                                                                                                       │
│                                                                                                                                                       │
╰───────────────────────────────────────────────────────────────────────────────────────────────────────────────────────────────────────────────────────╯
Tool remove_paper executed with result: Removed 'Causal machine learning for predicting treatment outcomes' (2410.08770v1) from literature database....
╭────────────────────────────────────────────────────────── ✅ Tool Execution Completed (#3) ───────────────────────────────────────────────────────────╮
│                                                                                                                                                       │
│  Tool Completed                                                                                                                                       │
│  Tool: remove_paper                                                                                                                                   │
│  Output: Removed 'DASS Good: Explainable Data Mining of Spatial Cohort Data' (2304.04870v1) from literature database.                                 │
│                                                                                                                                                       │
│                                                                                                                                                       │
╰───────────────────────────────────────────────────────────────────────────────────────────────────────────────────────────────────────────────────────╯


╭──────────────────────────────────────────────────────────────── ✅ Agent Final Answer ────────────────────────────────────────────────────────────────╮
│                                                                                                                                                       │
│  Agent: Literature Research Archivist                                                                                                                 │
│                                                                                                                                                       │
│  Final Answer:                                                                                                                                        │
│  SEARCHES DONE: 5                                                                                                                                     │
│  PAPERS STORED: 11                                                                                                                                    │
│  PAPERS REMOVED: 3                                                                                                                                    │
│  KEY TOPICS COVERED:                                                                                                                                  │
│  - Multi-task Deep Learning and Graph Attention Networks (GAT) for accurate clinical toxicity prediction.                                             │
│  - Ensemble predictors and virtual screening techniques for toxic compound identification (ToxicBlend).                                               │
│  - Multimodal Deep Learning and Conformal Prediction for robust QSAR modeling.                                                                        │
│  - Graph Neural Networks (GCN, FP-GNN) for molecular property prediction and mechanism discovery (e.g., PFAS hepatotoxicity).                         │
│  - Self-supervised learning and pre-training strategies for extensible ADMET systems (HelixADMET).                                                    │
│  - Automated Machine Learning (AutoML) and Gradient Boosting (XGBoost) for high-performance ADMET property prediction.                                │
│  - Application of Multimodal Large Language Models (MLLMs) for molecular detoxification and structure-level prediction.                               │
│                                                                                                                                                       │
╰───────────────────────────────────────────────────────────────────────────────────────────────────────────────────────────────────────────────────────╯

╭───────────────────────────────────────────────────────────────── 📋 Task Completion ──────────────────────────────────────────────────────────────────╮
│                                                                                                                                                       │
│  Task Completed                                                                                                                                       │
│  Name: You are a Literature Archivist gathering recent research on clinical trial toxicity prediction.                                                │
│  Your goal: Build a searchable knowledge base of techniques from recent papers.                                                                       │
│  You have ONE tool: search_and_store. It searches arxiv AND automatically stores all results with embeddings. One call = search + store all papers    │
│  found.                                                                                                                                               │
│  IMPORTANT: Execute searches ONE AT A TIME, not in parallel. After each search, review and filter before starting the next search.                    │
│  WORKFLOW: 1. SEARCH PHASE — Call search_and_store with SPECIFIC queries.                                                                             │
│     Focus on MOLECULAR PROPERTY PREDICTION with ML.                                                                                                   │
│     The search engine matches each word in your query against paper abstracts.                                                                        │
│     Use 3-4 specific terms per query — every word must appear in the abstract.                                                                        │
│     Good queries:                                                                                                                                     │
│     - "toxicity prediction molecular"                                                                                                                 │
│     - "QSAR toxicity deep learning"                                                                                                                   │
│     - "molecular fingerprint toxicity"                                                                                                                │
│     - "graph neural network molecular property"                                                                                                       │
│     - "ADMET prediction machine learning"                                                                                                             │
│     Do 3-5 searches. Each returns ~3 relevant papers.                                                                                                 │
│     IMPORTANT: Do ONE search at a time, then filter, then next search.                                                                                │
│                                                                                                                                                       │
│  2. FILTER PHASE — After EACH search_and_store, review the stored papers.                                                                             │
│     Use remove_paper to DELETE papers that are NOT relevant to clinical trial toxicity                                                                │
│     prediction on MOLECULES. Remove papers about:                                                                                                     │
│     - Clinical trial design/logistics (NOT molecular prediction)                                                                                      │
│     - General ML theory (not applied to molecules)                                                                                                    │
│     - Unrelated topics (NLP, computer vision, air pollution, etc.)                                                                                    │
│     - Pure biology/chemistry with no ML component                                                                                                     │
│                                                                                                                                                       │
│  Papers already in the database are skipped automatically.                                                                                            │
│  Papers already in database: None                                                                                                                     │
│  Output format: SEARCHES DONE: [count] PAPERS STORED: [count kept after filtering] PAPERS REMOVED: [count removed as irrelevant] KEY TOPICS COVERED:  │
│  - [topic 1] - [topic 2]                                                                                                                              │
│                                                                                                                                                       │
│  Agent: Literature Research Archivist                                                                                                                 │
│                                                                                                                                                       │
│                                                                                                                                                       │
│                                                                                                                                                       │
╰───────────────────────────────────────────────────────────────────────────────────────────────────────────────────────────────────────────────────────╯

╭─────────────────────────────────────────────────────────────────── Crew Completion ───────────────────────────────────────────────────────────────────╮
│                                                                                                                                                       │
│  Crew Execution Completed                                                                                                                             │
│  Name: crew                                                                                                                                           │
│  ID: 301d3dae-2fc7-4b0e-883c-33506a49ac9f                                                                                                             │
│  Final Output: SEARCHES DONE: 5                                                                                                                       │
│  PAPERS STORED: 11                                                                                                                                    │
│  PAPERS REMOVED: 3                                                                                                                                    │
│  KEY TOPICS COVERED:                                                                                                                                  │
│  - Multi-task Deep Learning and Graph Attention Networks (GAT) for accurate clinical toxicity prediction.                                             │
│  - Ensemble predictors and virtual screening techniques for toxic compound identification (ToxicBlend).                                               │
│  - Multimodal Deep Learning and Conformal Prediction for robust QSAR modeling.                                                                        │
│  - Graph Neural Networks (GCN, FP-GNN) for molecular property prediction and mechanism discovery (e.g., PFAS hepatotoxicity).                         │
│  - Self-supervised learning and pre-training strategies for extensible ADMET systems (HelixADMET).                                                    │
│  - Automated Machine Learning (AutoML) and Gradient Boosting (XGBoost) for high-performance ADMET property prediction.                                │
│  - Application of Multimodal Large Language Models (MLLMs) for molecular detoxification and structure-level prediction.                               │
│                                                                                                                                                       │
│                                                                                                                                                       │
╰───────────────────────────────────────────────────────────────────────────────────────────────────────────────────────────────────────────────────────╯

2026-03-14 23:39:25 | INFO     | Archivist completed
2026-03-14 23:39:25 | WARNING  | Literature index corrupted by concurrent writes — rebuilding
2026-03-14 23:39:25 | SUCCESS  | Research complete: 0 papers (0 new)
